0 info it worked if it ends with ok
1 verbose cli [ '/Users/iferunsewe/.nvm/versions/node/v6.3.1/bin/node',
1 verbose cli   '/Users/iferunsewe/.nvm/versions/node/v6.3.1/bin/npm',
1 verbose cli   'start' ]
2 info using npm@3.10.6
3 info using node@v6.3.1
4 verbose run-script [ 'prestart', 'start', 'poststart' ]
5 info lifecycle TUNGS@1.0.0~prestart: TUNGS@1.0.0
6 silly lifecycle TUNGS@1.0.0~prestart: no script for prestart, continuing
7 info lifecycle TUNGS@1.0.0~start: TUNGS@1.0.0
8 verbose lifecycle TUNGS@1.0.0~start: unsafe-perm in lifecycle true
9 verbose lifecycle TUNGS@1.0.0~start: PATH: /Users/iferunsewe/.nvm/versions/node/v6.3.1/lib/node_modules/npm/bin/node-gyp-bin:/Users/iferunsewe/Desktop/tungs/node_modules/.bin:/Users/iferunsewe/.rvm/gems/ruby-2.2.2/bin:/Users/iferunsewe/.rvm/gems/ruby-2.2.2@global/bin:/Users/iferunsewe/.rvm/rubies/ruby-2.2.2/bin:/Users/iferunsewe/.nvm/versions/node/v6.3.1/bin:/usr/local/bin:/Users/iferunsewe/.rbenv/shims:/Users/iferunsewe/.rbenv/shims:/usr/local/bin:/usr/bin:/bin:/usr/sbin:/sbin:/usr/local/git/bin:/usr/local/bin:/usr/bin:/bin:/usr/sbin:/sbin:/usr/local/git/bin:/Applications/Postgres.app/Contents/Versions/9.3/bin:/Users/iferunsewe/Development/android-sdk-macosx/build-tools:/Users/iferunsewe/Development/android-sdk-macosx/platform-tools:/Users/iferunsewe/Development/android-sdk-macosx/tools:/Users/iferunsewe/.rvm/bin:/Users/iferunsewe/bin
10 verbose lifecycle TUNGS@1.0.0~start: CWD: /Users/iferunsewe/Desktop/tungs
11 silly lifecycle TUNGS@1.0.0~start: Args: [ '-c', 'tsc && concurrently "npm run tsc:w" "npm run lite" ' ]
12 silly lifecycle TUNGS@1.0.0~start: Returned: code: 2  signal: null
13 info lifecycle TUNGS@1.0.0~start: Failed to exec start script
14 verbose stack Error: TUNGS@1.0.0 start: `tsc && concurrently "npm run tsc:w" "npm run lite" `
14 verbose stack Exit status 2
14 verbose stack     at EventEmitter.<anonymous> (/Users/iferunsewe/.nvm/versions/node/v6.3.1/lib/node_modules/npm/lib/utils/lifecycle.js:255:16)
14 verbose stack     at emitTwo (events.js:106:13)
14 verbose stack     at EventEmitter.emit (events.js:191:7)
14 verbose stack     at ChildProcess.<anonymous> (/Users/iferunsewe/.nvm/versions/node/v6.3.1/lib/node_modules/npm/lib/utils/spawn.js:40:14)
14 verbose stack     at emitTwo (events.js:106:13)
14 verbose stack     at ChildProcess.emit (events.js:191:7)
14 verbose stack     at maybeClose (internal/child_process.js:852:16)
14 verbose stack     at Process.ChildProcess._handle.onexit (internal/child_process.js:215:5)
15 verbose pkgid TUNGS@1.0.0
16 verbose cwd /Users/iferunsewe/Desktop/tungs
17 error Darwin 16.0.0
18 error argv "/Users/iferunsewe/.nvm/versions/node/v6.3.1/bin/node" "/Users/iferunsewe/.nvm/versions/node/v6.3.1/bin/npm" "start"
19 error node v6.3.1
20 error npm  v3.10.6
21 error code ELIFECYCLE
22 error TUNGS@1.0.0 start: `tsc && concurrently "npm run tsc:w" "npm run lite" `
22 error Exit status 2
23 error Failed at the TUNGS@1.0.0 start script 'tsc && concurrently "npm run tsc:w" "npm run lite" '.
23 error Make sure you have the latest version of node.js and npm installed.
23 error If you do, this is most likely a problem with the TUNGS package,
23 error not with npm itself.
23 error Tell the author that this fails on your system:
23 error     tsc && concurrently "npm run tsc:w" "npm run lite"
23 error You can get information on how to open an issue for this project with:
23 error     npm bugs TUNGS
23 error Or if that isn't available, you can get their info via:
23 error     npm owner ls TUNGS
23 error There is likely additional logging output above.
24 verbose exit [ 1, true ]
